[2012-07-27 05:22:37] START
[2012-07-27 05:22:48] EDIT GPIBHWS/models/db.py: 56
[2012-07-27 05:22:58] EDIT GPIBHWS/controllers/default.py: 530
[2012-07-27 05:23:06] EDIT GPIBHWS/views/default/index.html: 77
[2012-07-27 05:39:00] EDIT GPIBHWS/controllers/default.py: 0
[2012-07-27 19:17:28] EDIT GPIBHWS/models/db.py: 0
[2012-07-27 19:22:40] EDIT GPIBHWS/views/layout.html: 6
[2012-07-27 19:26:00] EDIT GPIBHWS/views/layout.html: -1
[2012-07-27 19:31:28] EDIT GPIBHWS/models/db.py: 0
[2012-07-27 19:32:44] EDIT GPIBHWS/models/db.py: 0
[2012-07-30 14:07:05] EDIT GPIBHWS/views/default/index.html: 0
[2012-07-30 14:18:09] EDIT GPIBHWS/controllers/default.py: 0
[2012-07-30 14:18:17] EDIT GPIBHWS/controllers/default.py: 0
[2012-07-30 14:19:18] EDIT GPIBHWS/views/default/index.html: 6
[2012-07-30 14:21:42] EDIT GPIBHWS/static/js/lightbox.js: 0
[2012-07-30 14:22:10] EDIT GPIBHWS/static/js/lightbox.js: 0
[2012-07-30 14:28:09] EDIT GPIBHWS/static/js/lightbox.js: 0
[2012-07-30 14:32:20] EDIT GPIBHWS/static/js/lightbox.js: 0
[2012-07-30 14:34:00] EDIT GPIBHWS/static/js/lightbox.js: 0
[2012-07-30 14:40:11] EDIT GPIBHWS/static/js/lightbox.js: 0
[2012-07-30 14:41:05] EDIT GPIBHWS/static/js/lightbox.js: 0
[2012-07-30 14:42:36] EDIT GPIBHWS/views/default/index.html: 0
[2012-07-30 14:44:15] EDIT GPIBHWS/views/default/index.html: 0
[2012-07-30 14:46:59] EDIT GPIBHWS/views/default/index.html: -1
[2012-07-30 14:48:14] EDIT GPIBHWS/controllers/default.py: 0
[2012-07-30 14:49:25] EDIT GPIBHWS/views/default/index.html: 0
[2012-07-30 14:49:37] EDIT GPIBHWS/views/default/index.html: -1
[2012-07-30 14:56:02] EDIT GPIBHWS/controllers/default.py: 9
[2012-07-30 14:58:18] EDIT GPIBHWS/views/default/index.html: 0
[2012-07-30 15:01:11] EDIT GPIBHWS/controllers/default.py: 0
[2012-07-30 15:02:27] EDIT GPIBHWS/views/default/index.html: 0
[2012-07-30 15:09:48] EDIT GPIBHWS/views/default/index.html: 0
[2012-07-30 15:19:41] EDIT GPIBHWS/static/css/web2py.css: 6
[2012-07-30 15:21:52] EDIT GPIBHWS/controllers/default.py: 0
[2012-07-30 15:28:17] EDIT GPIBHWS/models/db.py: 1
[2012-07-30 15:43:49] EDIT GPIBHWS/controllers/default.py: 1
[2012-07-30 15:44:44] EDIT GPIBHWS/models/db.py: 0
[2012-07-30 15:50:45] EDIT GPIBHWS/models/db.py: 0
[2012-07-30 16:02:00] EDIT GPIBHWS/models/db.py: -56
[2012-07-30 16:02:18] CREATE gpib.py: 0
[2012-07-30 16:02:22] EDIT GPIBHWS/models/gpib.py: 56
[2012-07-30 16:02:46] EDIT GPIBHWS/models/gpib.py: -1
[2012-07-30 16:15:21] EDIT GPIBHWS/models/menu.py: 0
[2012-07-30 16:16:27] EDIT GPIBHWS/views/default/index.html: 0
[2012-07-30 16:17:16] EDIT GPIBHWS/models/menu.py: -69
[2012-07-30 16:18:39] EDIT GPIBHWS/models/menu.py: 0
[2012-07-30 16:19:31] EDIT GPIBHWS/views/layout.html: 0
[2012-07-30 16:20:07] EDIT GPIBHWS/views/layout.html: 0
